<?xml version="1.0" encoding="UTF-8"?>
<!-- Generated by org.testng.reporters.JUnitReportReporter -->
<testsuite name="com.actiTime.testScripts.login.TestLogin" tests="2" time="81.151" ignored="0" failures="0" timestamp="12 Feb 2017 11:38:24 GMT" skipped="0" hostname="Greed" errors="0">
  <testcase name="testLogin" time="40.097" classname="com.actiTime.testScripts.login.TestLogin"/>
  <testcase name="testLogin" time="41.054" classname="com.actiTime.testScripts.login.TestLogin"/>
</testsuite> <!-- com.actiTime.testScripts.login.TestLogin -->
